<?xml version="1.0" ?>
<coverage branch-rate="0" branches-covered="0" branches-valid="0" complexity="0" line-rate="0.5864" lines-covered="190" lines-valid="324" timestamp="1670875929486" version="6.5.0">
	<!-- Generated by coverage.py: https://coverage.readthedocs.io -->
	<!-- Based on https://raw.githubusercontent.com/cobertura/web/master/htdocs/xml/coverage-04.dtd -->
	<sources>
		<source>C:\Users\UMinho\Python\exparse</source>
	</sources>
	<packages>
		<package branch-rate="0" complexity="0" line-rate="0.5864" name=".tox.py37.Lib.site-packages.exparse">
			<classes>
				<class branch-rate="0" complexity="0" filename=".tox/py37/Lib/site-packages/exparse/parsing.py" line-rate="0.5864" name="parsing.py">
					<methods/>
					<lines>
						<line hits="1" number="10"/>
						<line hits="1" number="11"/>
						<line hits="1" number="12"/>
						<line hits="1" number="13"/>
						<line hits="1" number="14"/>
						<line hits="1" number="15"/>
						<line hits="1" number="18"/>
						<line hits="1" number="19"/>
						<line hits="1" number="20"/>
						<line hits="1" number="21"/>
						<line hits="1" number="22"/>
						<line hits="1" number="23"/>
						<line hits="1" number="24"/>
						<line hits="1" number="25"/>
						<line hits="1" number="26"/>
						<line hits="1" number="27"/>
						<line hits="1" number="30"/>
						<line hits="1" number="32"/>
						<line hits="1" number="34"/>
						<line hits="1" number="36"/>
						<line hits="1" number="37"/>
						<line hits="1" number="40"/>
						<line hits="1" number="43"/>
						<line hits="0" number="53"/>
						<line hits="0" number="55"/>
						<line hits="0" number="56"/>
						<line hits="0" number="57"/>
						<line hits="0" number="58"/>
						<line hits="0" number="59"/>
						<line hits="0" number="60"/>
						<line hits="0" number="61"/>
						<line hits="0" number="62"/>
						<line hits="0" number="64"/>
						<line hits="0" number="65"/>
						<line hits="0" number="66"/>
						<line hits="1" number="69"/>
						<line hits="0" number="79"/>
						<line hits="0" number="80"/>
						<line hits="0" number="81"/>
						<line hits="0" number="82"/>
						<line hits="1" number="85"/>
						<line hits="1" number="94"/>
						<line hits="0" number="95"/>
						<line hits="1" number="96"/>
						<line hits="0" number="97"/>
						<line hits="1" number="99"/>
						<line hits="1" number="102"/>
						<line hits="1" number="111"/>
						<line hits="1" number="123"/>
						<line hits="0" number="124"/>
						<line hits="1" number="125"/>
						<line hits="0" number="126"/>
						<line hits="1" number="127"/>
						<line hits="0" number="128"/>
						<line hits="1" number="129"/>
						<line hits="1" number="130"/>
						<line hits="1" number="131"/>
						<line hits="1" number="132"/>
						<line hits="1" number="134"/>
						<line hits="0" number="135"/>
						<line hits="1" number="137"/>
						<line hits="0" number="138"/>
						<line hits="0" number="139"/>
						<line hits="0" number="141"/>
						<line hits="1" number="143"/>
						<line hits="1" number="147"/>
						<line hits="1" number="149"/>
						<line hits="0" number="153"/>
						<line hits="1" number="155"/>
						<line hits="0" number="159"/>
						<line hits="0" number="160"/>
						<line hits="0" number="162"/>
						<line hits="1" number="165"/>
						<line hits="0" number="169"/>
						<line hits="0" number="170"/>
						<line hits="0" number="171"/>
						<line hits="1" number="173"/>
						<line hits="0" number="174"/>
						<line hits="0" number="175"/>
						<line hits="0" number="176"/>
						<line hits="0" number="178"/>
						<line hits="0" number="179"/>
						<line hits="0" number="180"/>
						<line hits="0" number="182"/>
						<line hits="1" number="184"/>
						<line hits="0" number="186"/>
						<line hits="0" number="187"/>
						<line hits="0" number="188"/>
						<line hits="0" number="190"/>
						<line hits="0" number="191"/>
						<line hits="0" number="192"/>
						<line hits="0" number="194"/>
						<line hits="1" number="196"/>
						<line hits="0" number="198"/>
						<line hits="0" number="199"/>
						<line hits="0" number="200"/>
						<line hits="0" number="201"/>
						<line hits="0" number="202"/>
						<line hits="0" number="203"/>
						<line hits="0" number="205"/>
						<line hits="0" number="207"/>
						<line hits="0" number="208"/>
						<line hits="0" number="209"/>
						<line hits="0" number="210"/>
						<line hits="0" number="211"/>
						<line hits="1" number="213"/>
						<line hits="1" number="217"/>
						<line hits="0" number="218"/>
						<line hits="1" number="219"/>
						<line hits="1" number="220"/>
						<line hits="1" number="222"/>
						<line hits="1" number="227"/>
						<line hits="0" number="233"/>
						<line hits="0" number="234"/>
						<line hits="1" number="236"/>
						<line hits="0" number="245"/>
						<line hits="0" number="246"/>
						<line hits="0" number="247"/>
						<line hits="0" number="249"/>
						<line hits="1" number="251"/>
						<line hits="0" number="252"/>
						<line hits="0" number="253"/>
						<line hits="0" number="254"/>
						<line hits="0" number="256"/>
						<line hits="0" number="258"/>
						<line hits="0" number="259"/>
						<line hits="0" number="260"/>
						<line hits="0" number="261"/>
						<line hits="0" number="262"/>
						<line hits="0" number="263"/>
						<line hits="0" number="265"/>
						<line hits="1" number="267"/>
						<line hits="0" number="268"/>
						<line hits="0" number="269"/>
						<line hits="0" number="271"/>
						<line hits="0" number="272"/>
						<line hits="0" number="274"/>
						<line hits="1" number="277"/>
						<line hits="1" number="282"/>
						<line hits="0" number="284"/>
						<line hits="1" number="286"/>
						<line hits="0" number="288"/>
						<line hits="1" number="290"/>
						<line hits="0" number="292"/>
						<line hits="1" number="294"/>
						<line hits="0" number="296"/>
						<line hits="1" number="298"/>
						<line hits="1" number="300"/>
						<line hits="1" number="303"/>
						<line hits="1" number="307"/>
						<line hits="1" number="309"/>
						<line hits="1" number="311"/>
						<line hits="1" number="313"/>
						<line hits="1" number="314"/>
						<line hits="1" number="316"/>
						<line hits="1" number="318"/>
						<line hits="1" number="319"/>
						<line hits="1" number="321"/>
						<line hits="0" number="323"/>
						<line hits="0" number="324"/>
						<line hits="1" number="327"/>
						<line hits="1" number="329"/>
						<line hits="1" number="331"/>
						<line hits="1" number="332"/>
						<line hits="1" number="333"/>
						<line hits="0" number="335"/>
						<line hits="1" number="337"/>
						<line hits="1" number="339"/>
						<line hits="1" number="340"/>
						<line hits="0" number="342"/>
						<line hits="1" number="345"/>
						<line hits="1" number="351"/>
						<line hits="1" number="353"/>
						<line hits="1" number="355"/>
						<line hits="1" number="357"/>
						<line hits="1" number="358"/>
						<line hits="1" number="360"/>
						<line hits="1" number="362"/>
						<line hits="1" number="363"/>
						<line hits="1" number="365"/>
						<line hits="0" number="367"/>
						<line hits="0" number="368"/>
						<line hits="1" number="370"/>
						<line hits="1" number="372"/>
						<line hits="1" number="374"/>
						<line hits="1" number="377"/>
						<line hits="1" number="385"/>
						<line hits="1" number="386"/>
						<line hits="1" number="387"/>
						<line hits="1" number="389"/>
						<line hits="1" number="390"/>
						<line hits="1" number="391"/>
						<line hits="1" number="392"/>
						<line hits="0" number="394"/>
						<line hits="1" number="396"/>
						<line hits="1" number="397"/>
						<line hits="1" number="398"/>
						<line hits="1" number="399"/>
						<line hits="1" number="400"/>
						<line hits="1" number="402"/>
						<line hits="1" number="404"/>
						<line hits="0" number="405"/>
						<line hits="1" number="408"/>
						<line hits="1" number="416"/>
						<line hits="1" number="418"/>
						<line hits="1" number="419"/>
						<line hits="1" number="420"/>
						<line hits="1" number="421"/>
						<line hits="1" number="422"/>
						<line hits="1" number="424"/>
						<line hits="1" number="425"/>
						<line hits="1" number="426"/>
						<line hits="1" number="427"/>
						<line hits="0" number="429"/>
						<line hits="1" number="431"/>
						<line hits="1" number="432"/>
						<line hits="1" number="433"/>
						<line hits="1" number="435"/>
						<line hits="1" number="438"/>
						<line hits="0" number="439"/>
						<line hits="0" number="440"/>
						<line hits="0" number="441"/>
						<line hits="0" number="442"/>
						<line hits="0" number="443"/>
						<line hits="0" number="444"/>
						<line hits="0" number="445"/>
						<line hits="0" number="446"/>
						<line hits="0" number="447"/>
						<line hits="0" number="448"/>
						<line hits="0" number="449"/>
						<line hits="0" number="450"/>
						<line hits="0" number="451"/>
						<line hits="0" number="452"/>
						<line hits="0" number="453"/>
						<line hits="0" number="454"/>
						<line hits="0" number="455"/>
						<line hits="0" number="456"/>
						<line hits="0" number="457"/>
						<line hits="0" number="458"/>
						<line hits="0" number="459"/>
						<line hits="0" number="461"/>
						<line hits="1" number="465"/>
						<line hits="1" number="471"/>
						<line hits="1" number="472"/>
						<line hits="1" number="473"/>
						<line hits="1" number="474"/>
						<line hits="1" number="475"/>
						<line hits="1" number="476"/>
						<line hits="1" number="478"/>
						<line hits="1" number="479"/>
						<line hits="1" number="480"/>
						<line hits="1" number="481"/>
						<line hits="1" number="482"/>
						<line hits="1" number="483"/>
						<line hits="1" number="484"/>
						<line hits="1" number="485"/>
						<line hits="1" number="486"/>
						<line hits="0" number="487"/>
						<line hits="0" number="488"/>
						<line hits="0" number="489"/>
						<line hits="0" number="490"/>
						<line hits="0" number="491"/>
						<line hits="0" number="492"/>
						<line hits="0" number="493"/>
						<line hits="0" number="494"/>
						<line hits="0" number="495"/>
						<line hits="0" number="496"/>
						<line hits="1" number="498"/>
						<line hits="0" number="499"/>
						<line hits="0" number="500"/>
						<line hits="1" number="502"/>
						<line hits="0" number="503"/>
						<line hits="0" number="504"/>
						<line hits="0" number="505"/>
						<line hits="0" number="506"/>
						<line hits="0" number="507"/>
						<line hits="0" number="509"/>
						<line hits="1" number="511"/>
						<line hits="1" number="512"/>
						<line hits="1" number="513"/>
						<line hits="1" number="514"/>
						<line hits="1" number="515"/>
						<line hits="1" number="517"/>
						<line hits="1" number="518"/>
						<line hits="1" number="521"/>
						<line hits="1" number="523"/>
						<line hits="1" number="524"/>
						<line hits="1" number="525"/>
						<line hits="1" number="526"/>
						<line hits="1" number="527"/>
						<line hits="1" number="528"/>
						<line hits="1" number="529"/>
						<line hits="1" number="530"/>
						<line hits="1" number="532"/>
						<line hits="1" number="533"/>
						<line hits="1" number="535"/>
						<line hits="1" number="536"/>
						<line hits="1" number="537"/>
						<line hits="1" number="538"/>
						<line hits="1" number="539"/>
						<line hits="1" number="540"/>
						<line hits="1" number="541"/>
						<line hits="1" number="542"/>
						<line hits="1" number="543"/>
						<line hits="1" number="544"/>
						<line hits="1" number="545"/>
						<line hits="1" number="546"/>
						<line hits="1" number="548"/>
						<line hits="1" number="549"/>
						<line hits="1" number="550"/>
						<line hits="1" number="551"/>
						<line hits="1" number="552"/>
						<line hits="1" number="553"/>
						<line hits="1" number="554"/>
						<line hits="1" number="555"/>
						<line hits="1" number="557"/>
						<line hits="1" number="559"/>
						<line hits="1" number="562"/>
						<line hits="1" number="563"/>
						<line hits="1" number="566"/>
						<line hits="1" number="569"/>
						<line hits="1" number="572"/>
						<line hits="1" number="575"/>
						<line hits="1" number="576"/>
					</lines>
				</class>
			</classes>
		</package>
		<package branch-rate="0" complexity="0" line-rate="1" name=".tox.py37.Lib.site-packages.exparse">
			<classes>
				<class branch-rate="0" complexity="0" filename=".tox/py37/Lib/site-packages/exparse/__init__.py" line-rate="1" name="__init__.py">
					<methods/>
					<lines/>
				</class>
			</classes>
		</package>
	</packages>
</coverage>
